#
# There is insufficient memory for the Java Runtime Environment to continue.
# Native memory allocation (mmap) failed to map 2064384 bytes for G1 virtual space
# Possible reasons:
#   The system is out of physical RAM or swap space
#   The process is running with CompressedOops enabled, and the Java Heap may be blocking the growth of the native heap
# Possible solutions:
#   Reduce memory load on the system
#   Increase physical memory or swap space
#   Check if swap backing store is full
#   Decrease Java heap size (-Xmx/-Xms)
#   Decrease number of Java threads
#   Decrease Java thread stack sizes (-Xss)
#   Set larger code cache with -XX:ReservedCodeCacheSize=
#   JVM is running with Unscaled Compressed Oops mode in which the Java heap is
#     placed in the first 4GB address space. The Java Heap base address is the
#     maximum limit for the native heap growth. Please use -XX:HeapBaseMinAddress
#     to set the Java Heap base and to place the Java Heap above 4GB virtual address.
# This output file may be truncated or incomplete.
#
#  Out of Memory Error (os_windows.cpp:3600), pid=28400, tid=22120
#
# JRE version:  (21.0.2+13) (build )
# Java VM: Java HotSpot(TM) 64-Bit Server VM (21.0.2+13-LTS-58, mixed mode, emulated-client, sharing, tiered, compressed oops, compressed class ptrs, g1 gc, windows-amd64)
# No core dump will be written. Minidumps are not enabled by default on client versions of Windows
#

---------------  S U M M A R Y ------------

Command Line: -XX:TieredStopAtLevel=1 -Dspring.output.ansi.enabled=always -Dcom.sun.management.jmxremote -Dspring.jmx.enabled=true -Dspring.liveBeansView.mbeanDomain -Dspring.application.admin.enabled=true -Dmanagement.endpoints.jmx.exposure.include=* -javaagent:D:\Program Files\JetBrains\IntelliJ IDEA 2023.3.5\lib\idea_rt.jar=54687:D:\Program Files\JetBrains\IntelliJ IDEA 2023.3.5\bin -Dfile.encoding=UTF-8 -Dsun.stdout.encoding=UTF-8 -Dsun.stderr.encoding=UTF-8 com.library.programmingexercise.ProgrammingExerciseApplication

Host: 11th Gen Intel(R) Core(TM) i7-11800H @ 2.30GHz, 16 cores, 7G,  Windows 11 , 64 bit Build 22621 (10.0.22621.3374)
Time: Mon May 13 11:10:26 2024 SE Asia Standard Time elapsed time: 0.063665 seconds (0d 0h 0m 0s)

---------------  T H R E A D  ---------------

Current thread (0x0000026f2c9575c0):  JavaThread "Unknown thread" [_thread_in_vm, id=22120, stack(0x000000a198d00000,0x000000a198e00000) (1024K)]

Stack: [0x000000a198d00000,0x000000a198e00000]
Native frames: (J=compiled Java code, j=interpreted, Vv=VM code, C=native code)
V  [jvm.dll+0x6cade9]
V  [jvm.dll+0x8569c1]
V  [jvm.dll+0x858d2e]
V  [jvm.dll+0x859413]
V  [jvm.dll+0x280e56]
V  [jvm.dll+0x6c74d5]
V  [jvm.dll+0x6bbeca]
V  [jvm.dll+0x355bca]
V  [jvm.dll+0x35d816]
V  [jvm.dll+0x3ae693]
V  [jvm.dll+0x3ae928]
V  [jvm.dll+0x3295dc]
V  [jvm.dll+0x32a16b]
V  [jvm.dll+0x81efa9]
V  [jvm.dll+0x3bba01]
V  [jvm.dll+0x807928]
V  [jvm.dll+0x44f50e]
V  [jvm.dll+0x450e11]
C  [jli.dll+0x52a3]
C  [ucrtbase.dll+0x29333]
C  [KERNEL32.DLL+0x1257d]
C  [ntdll.dll+0x5aa48]


---------------  P R O C E S S  ---------------

Threads class SMR info:
_java_thread_list=0x00007ffa9b5fbb88, length=0, elements={
}

Java Threads: ( => current thread )
Total: 0

Other Threads:
  0x0000026f2c9afe40 WorkerThread "GC Thread#0"                     [id=23988, stack(0x000000a198e00000,0x000000a198f00000) (1024K)]
  0x0000026f2c9c0960 ConcurrentGCThread "G1 Main Marker"            [id=17056, stack(0x000000a198f00000,0x000000a199000000) (1024K)]
  0x0000026f2c9c1ed0 WorkerThread "G1 Conc#0"                       [id=22344, stack(0x000000a199000000,0x000000a199100000) (1024K)]

[error occurred during error reporting (printing all threads), id 0xc0000005, EXCEPTION_ACCESS_VIOLATION (0xc0000005) at pc=0x00007ffa9ad6c6a7]
VM state: not at safepoint (not fully initialized)

VM Mutex/Monitor currently owned by a thread:  ([mutex/lock_event])
[0x00007ffa9b66ce68] Heap_lock - owner thread: 0x0000026f2c9575c0

Heap address: 0x0000000083600000, size: 1994 MB, Compressed Oops mode: 32-bit

CDS archive(s) mapped at: [0x0000000000000000-0x0000000000000000-0x0000000000000000), size 0, SharedBaseAddress: 0x0000000800000000, ArchiveRelocationMode: 1.
Narrow klass base: 0x0000000000000000, Narrow klass shift: 0, Narrow klass range: 0x0

GC Precious Log:
 CardTable entry size: 512
 Card Set container configuration: InlinePtr #cards 5 size 8 Array Of Cards #cards 12 size 40 Howl #buckets 4 coarsen threshold 1843 Howl Bitmap #cards 512 size 80 coarsen threshold 460 Card regions per heap region 1 cards per card region 2048

Heap:
 garbage-first heap   total 0K, used 0K [0x0000000083600000, 0x0000000100000000)
  region size 1024K, 0 young (0K), 0 survivors (0K)

[error occurred during error reporting (printing heap information), id 0xc0000005, EXCEPTION_ACCESS_VIOLATION (0xc0000005) at pc=0x00007ffa9b1539f9]
GC Heap History (0 events):
No events

Dll operation events (1 events):
Event: 0.056 Loaded shared library D:\Program Files\Java\jdk-21\bin\java.dll

Deoptimization events (0 events):
No events

Classes loaded (0 events):
No events

Classes unloaded (0 events):
No events

Classes redefined (0 events):
No events

Internal exceptions (0 events):
No events

ZGC Phase Switch (0 events):
No events

VM Operations (0 events):
No events

Events (0 events):
No events


Dynamic libraries:
0x00007ff61eba0000 - 0x00007ff61ebb0000 	D:\Program Files\Java\jdk-21\bin\java.exe
0x00007ffba08b0000 - 0x00007ffba0ac6000 	C:\WINDOWS\SYSTEM32\ntdll.dll
0x00007ffba0160000 - 0x00007ffba0224000 	C:\WINDOWS\System32\KERNEL32.DLL
0x00007ffb9dbd0000 - 0x00007ffb9df77000 	C:\WINDOWS\System32\KERNELBASE.dll
0x000000006e600000 - 0x000000006e930000 	C:\Program Files\Norton Security\NortonData\22.22.6.10\Definitions\IPSDefs\20230117.061\IPSEng64.dll
0x00007ffb9f2f0000 - 0x00007ffb9f3a2000 	C:\WINDOWS\System32\ADVAPI32.dll
0x00007ffb9f560000 - 0x00007ffb9f607000 	C:\WINDOWS\System32\msvcrt.dll
0x00007ffba05c0000 - 0x00007ffba0668000 	C:\WINDOWS\System32\sechost.dll
0x00007ffb9e370000 - 0x00007ffb9e398000 	C:\WINDOWS\System32\bcrypt.dll
0x00007ffb9fe80000 - 0x00007ffb9ff95000 	C:\WINDOWS\System32\RPCRT4.dll
0x00007ffb9f610000 - 0x00007ffb9f618000 	C:\WINDOWS\System32\PSAPI.DLL
0x00007ffb9e440000 - 0x00007ffb9e551000 	C:\WINDOWS\System32\ucrtbase.dll
0x00007ffac6f70000 - 0x00007ffac6f89000 	D:\Program Files\Java\jdk-21\bin\jli.dll
0x00007ffac6f50000 - 0x00007ffac6f6b000 	D:\Program Files\Java\jdk-21\bin\VCRUNTIME140.dll
0x00007ffb9e890000 - 0x00007ffb9ea3e000 	C:\WINDOWS\System32\USER32.dll
0x00007ffb9e2d0000 - 0x00007ffb9e2f6000 	C:\WINDOWS\System32\win32u.dll
0x00007ffb81360000 - 0x00007ffb815f3000 	C:\WINDOWS\WinSxS\amd64_microsoft.windows.common-controls_6595b64144ccf1df_6.0.22621.3235_none_270f74e173860f98\COMCTL32.dll
0x00007ffb9f4b0000 - 0x00007ffb9f4d9000 	C:\WINDOWS\System32\GDI32.dll
0x00007ffb9df80000 - 0x00007ffb9e099000 	C:\WINDOWS\System32\gdi32full.dll
0x00007ffb9e3a0000 - 0x00007ffb9e43a000 	C:\WINDOWS\System32\msvcp_win.dll
0x00007ffb8c270000 - 0x00007ffb8c27a000 	C:\WINDOWS\SYSTEM32\VERSION.dll
0x00007ffb9eec0000 - 0x00007ffb9eef1000 	C:\WINDOWS\System32\IMM32.DLL
0x00007ffb962b0000 - 0x00007ffb962bc000 	D:\Program Files\Java\jdk-21\bin\vcruntime140_1.dll
0x00007ffaa3c40000 - 0x00007ffaa3cce000 	D:\Program Files\Java\jdk-21\bin\msvcp140.dll
0x00007ffa9aa30000 - 0x00007ffa9b747000 	D:\Program Files\Java\jdk-21\bin\server\jvm.dll
0x00007ffb9f4e0000 - 0x00007ffb9f551000 	C:\WINDOWS\System32\WS2_32.dll
0x00007ffb9daa0000 - 0x00007ffb9daed000 	C:\WINDOWS\SYSTEM32\POWRPROF.dll
0x00007ffb92780000 - 0x00007ffb927b4000 	C:\WINDOWS\SYSTEM32\WINMM.dll
0x00007ffb9da80000 - 0x00007ffb9da93000 	C:\WINDOWS\SYSTEM32\UMPDC.dll
0x00007ffb9cb30000 - 0x00007ffb9cb48000 	C:\WINDOWS\SYSTEM32\kernel.appcore.dll
0x00007ffb59220000 - 0x00007ffb5922a000 	D:\Program Files\Java\jdk-21\bin\jimage.dll
0x00007ffb9b500000 - 0x00007ffb9b733000 	C:\WINDOWS\SYSTEM32\DBGHELP.DLL
0x00007ffb9ef10000 - 0x00007ffb9f298000 	C:\WINDOWS\System32\combase.dll
0x00007ffb9e5f0000 - 0x00007ffb9e6c7000 	C:\WINDOWS\System32\OLEAUT32.dll
0x00007ffb82540000 - 0x00007ffb82572000 	C:\WINDOWS\SYSTEM32\dbgcore.DLL
0x00007ffb9e560000 - 0x00007ffb9e5d9000 	C:\WINDOWS\System32\bcryptPrimitives.dll
0x00007ffb52670000 - 0x00007ffb5267f000 	D:\Program Files\Java\jdk-21\bin\instrument.dll
0x00007ffac6d10000 - 0x00007ffac6d2f000 	D:\Program Files\Java\jdk-21\bin\java.dll

dbghelp: loaded successfully - version: 4.0.5 - missing functions: none
symbol engine: initialized successfully - sym options: 0x614 - pdb path: .;D:\Program Files\Java\jdk-21\bin;C:\WINDOWS\SYSTEM32;C:\Program Files\Norton Security\NortonData\22.22.6.10\Definitions\IPSDefs\20230117.061;C:\WINDOWS\WinSxS\amd64_microsoft.windows.common-controls_6595b64144ccf1df_6.0.22621.3235_none_270f74e173860f98;D:\Program Files\Java\jdk-21\bin\server

VM Arguments:
jvm_args: -XX:TieredStopAtLevel=1 -Dspring.output.ansi.enabled=always -Dcom.sun.management.jmxremote -Dspring.jmx.enabled=true -Dspring.liveBeansView.mbeanDomain -Dspring.application.admin.enabled=true -Dmanagement.endpoints.jmx.exposure.include=* -javaagent:D:\Program Files\JetBrains\IntelliJ IDEA 2023.3.5\lib\idea_rt.jar=54687:D:\Program Files\JetBrains\IntelliJ IDEA 2023.3.5\bin -Dfile.encoding=UTF-8 -Dsun.stdout.encoding=UTF-8 -Dsun.stderr.encoding=UTF-8 
java_command: com.library.programmingexercise.ProgrammingExerciseApplication
java_class_path (initial): D:\Users\haib1\OneDrive\documents\university\year3\2nd_semester\programmingExercise_DrHieu\vgupe2024_team4\programming-exercise\target\classes;C:\Users\haib1\.m2\repository\org\springframework\boot\spring-boot-starter-actuator\3.3.0-M2\spring-boot-starter-actuator-3.3.0-M2.jar;C:\Users\haib1\.m2\repository\org\springframework\boot\spring-boot-starter\3.3.0-M2\spring-boot-starter-3.3.0-M2.jar;C:\Users\haib1\.m2\repository\org\springframework\boot\spring-boot-starter-logging\3.3.0-M2\spring-boot-starter-logging-3.3.0-M2.jar;C:\Users\haib1\.m2\repository\ch\qos\logback\logback-classic\1.4.14\logback-classic-1.4.14.jar;C:\Users\haib1\.m2\repository\ch\qos\logback\logback-core\1.4.14\logback-core-1.4.14.jar;C:\Users\haib1\.m2\repository\org\apache\logging\log4j\log4j-to-slf4j\2.23.0\log4j-to-slf4j-2.23.0.jar;C:\Users\haib1\.m2\repository\org\apache\logging\log4j\log4j-api\2.23.0\log4j-api-2.23.0.jar;C:\Users\haib1\.m2\repository\org\slf4j\jul-to-slf4j\2.0.12\jul-to-slf4j-2.0.12.jar;C:\Users\haib1\.m2\repository\jakarta\annotation\jakarta.annotation-api\2.1.1\jakarta.annotation-api-2.1.1.jar;C:\Users\haib1\.m2\repository\org\yaml\snakeyaml\2.2\snakeyaml-2.2.jar;C:\Users\haib1\.m2\repository\org\springframework\boot\spring-boot-actuator-autoconfigure\3.3.0-M2\spring-boot-actuator-autoconfigure-3.3.0-M2.jar;C:\Users\haib1\.m2\repository\org\springframework\boot\spring-boot-actuator\3.3.0-M2\spring-boot-actuator-3.3.0-M2.jar;C:\Users\haib1\.m2\repository\com\fasterxml\jackson\core\jackson-databind\2.16.1\jackson-databind-2.16.1.jar;C:\Users\haib1\.m2\repository\com\fasterxml\jackson\core\jackson-annotations\2.16.1\jackson-annotations-2.16.1.jar;C:\Users\haib1\.m2\repository\com\fasterxml\jackson\core\jackson-core\2.16.1\jackson-core-2.16.1.jar;C:\Users\haib1\.m2\repository\com\fasterxml\jackson\datatype\jackson-datatype-jsr310\2.16.1\jackson-datatype-jsr310-2.16.1.jar;C:\Users\haib1\.m2\repository\io\micrometer\micrometer-observation\1.13.0-M1\micrometer-observation-1.13.0-M1.jar;C:\Users\haib1\.m2\repository\io\micrometer\micrometer-commons\1.13.0-M1\micrometer-commons-1.13.0-M1.jar;C:\Users\haib1\.m2\repository\io\micrometer\micrometer-jakarta9\1.13.0-M1\micrometer-jakarta9-1.13.0-M1.jar;C:\Users\haib1\.m2\repository\io\micrometer\micrometer-core\1.13.0-M1\micrometer-core-1.13.0-M1.jar;C:\Users\haib1\.m2\repository\org\hdrhistogram\HdrHistogram\2.1.12\HdrHistogram-2.1.12.jar;C:\Users\haib1\.m2\repository\org\latencyutils\LatencyUtils\2.0.3\LatencyUtils-2.0.3.jar;C:\Users\haib1\.m2\repository\org\springframework\boot\spring-boot-starter-data-jpa\3.3.0-M2\spring-boot-starter-data-jpa-3.3.0-M2.jar;C:\Users\haib1\.m2\repository\org\springframework\boot\spring-boot-starter-aop\3.3.0-M2\spring-boot-starter-aop-3.3.0-M2.jar;C:\Users\haib1\.m2\repository\org\springframework\spring-aop\6.1.4\spring-aop-6.1.4.jar;C:\Users\haib1\.m2\repository\org\aspectj\aspectjweaver\1.9.21\aspectjweaver-1.9.21.jar;C:\Users\haib1\.m2\repository\org\springframework\boot\spring-boot-starter-jdbc\3.3.0-M2\spring-boot-starter-jdbc-3.3.0-M2.jar;C:\Users\haib1\.m2\repository\com\zaxxer\HikariCP\5.1.0\HikariCP-5.1.0.jar;C:\Users\haib1\.m2\repository\org\springframework\spring-jdbc\6.1.4\spring-jdbc-6.1.4.jar;C:\Users\haib1\.m2\repository\org\hibernate\orm\hibernate-core\6.4.4.Final\hibernate-core-6.4.4.Final.jar;C:\Users\haib1\.m2\repository\jakarta\persistence\jakarta.persistence-api\3.1.0\jakarta.persistence-api-3.1.0.jar;C:\Users\haib1\.m2\repository\jakarta\transaction\jakarta.transaction-api\2.0.1\jakarta.transaction-api-2.0.1.jar;C:\Users\haib1\.m2\repository\org\jboss\logging\jboss-logging\3.5.3.Final\jboss-logging-3.5.3.Final.jar;C:\Users\haib1\.m2\repository\org\hibernate\common\hibernate-commons-annotations\6.0.6.Final\hibernate-commons-annotations-6.0.6.Final.jar;C:\Users\haib1\.m2\repository\io\smallrye\jandex\3.1.2\jandex-3.1.2.jar;C:\Users\haib1\.m2\repository\com\fasterxml\classmate\1.7.0\classmate-1.7.0.jar;C:\Users\haib1\.m2\repository\net\bytebuddy\byte-buddy\1.14.12\byte-buddy-1.14.12.jar;C:\Users\haib1\.m2\repository\org\glassfish\jaxb\jaxb-runtime\4.0.4\jaxb-runtime-4.0.4.jar;C:\Users\haib1\.m2\repository\org\glassfish\jaxb\jaxb-core\4.0.4\jaxb-core-4.0.4.jar;C:\Users\haib1\.m2\repository\org\eclipse\angus\angus-activation\2.0.1\angus-activation-2.0.1.jar;C:\Users\haib1\.m2\repository\org\glassfish\jaxb\txw2\4.0.4\txw2-4.0.4.jar;C:\Users\haib1\.m2\repository\com\sun\istack\istack-commons-runtime\4.1.2\istack-commons-runtime-4.1.2.jar;C:\Users\haib1\.m2\repository\jakarta\inject\jakarta.inject-api\2.0.1\jakarta.inject-api-2.0.1.jar;C:\Users\haib1\.m2\repository\org\antlr\antlr4-runtime\4.13.0\antlr4-runtime-4.13.0.jar;C:\Users\haib1\.m2\repository\org\springframework\data\spring-data-jpa\3.2.3\spring-data-jpa-3.2.3.jar;C:\Users\haib1\.m2\repository\org\springframework\data\spring-data-commons\3.2.3\spring-data-commons-3.2.3.jar;C:\Users\haib1\.m2\repository\org\springframework\spring-orm\6.1.4\spring-orm-6.1.4.jar;C:\Users\haib1\.m2\repository\org\springframework\spring-context\6.1.4\spring-context-6.1.4.jar;C:\Users\haib1\.m2\repository\org\springframework\spring-tx\6.1.4\spring-tx-6.1.4.jar;C:\Users\haib1\.m2\repository\org\slf4j\slf4j-api\2.0.12\slf4j-api-2.0.12.jar;C:\Users\haib1\.m2\repository\org\springframework\spring-aspects\6.1.4\spring-aspects-6.1.4.jar;C:\Users\haib1\.m2\repository\org\springframework\boot\spring-boot-starter-web\3.3.0-M2\spring-boot-starter-web-3.3.0-M2.jar;C:\Users\haib1\.m2\repository\org\springframework\boot\spring-boot-starter-json\3.3.0-M2\spring-boot-starter-json-3.3.0-M2.jar;C:\Users\haib1\.m2\repository\com\fasterxml\jackson\datatype\jackson-datatype-jdk8\2.16.1\jackson-datatype-jdk8-2.16.1.jar;C:\Users\haib1\.m2\repository\com\fasterxml\jackson\module\jackson-module-parameter-names\2.16.1\jackson-module-parameter-names-2.16.1.jar;C:\Users\haib1\.m2\repository\org\springframework\boot\spring-boot-starter-tomcat\3.3.0-M2\spring-boot-starter-tomcat-3.3.0-M2.jar;C:\Users\haib1\.m2\repository\org\apache\tomcat\embed\tomcat-embed-core\10.1.19\tomcat-embed-core-10.1.19.jar;C:\Users\haib1\.m2\repository\org\apache\tomcat\embed\tomcat-embed-el\10.1.19\tomcat-embed-el-10.1.19.jar;C:\Users\haib1\.m2\repository\org\apache\tomcat\embed\tomcat-embed-websocket\10.1.19\tomcat-embed-websocket-10.1.19.jar;C:\Users\haib1\.m2\repository\org\springframework\spring-web\6.1.4\spring-web-6.1.4.jar;C:\Users\haib1\.m2\repository\org\springframework\spring-webmvc\6.1.4\spring-webmvc-6.1.4.jar;C:\Users\haib1\.m2\repository\org\springframework\spring-expression\6.1.4\spring-expression-6.1.4.jar;C:\Users\haib1\.m2\repository\org\springframework\boot\spring-boot-devtools\3.3.0-M2\spring-boot-devtools-3.3.0-M2.jar;C:\Users\haib1\.m2\repository\org\springframework\boot\spring-boot\3.3.0-M2\spring-boot-3.3.0-M2.jar;C:\Users\haib1\.m2\repository\org\springframework\boot\spring-boot-autoconfigure\3.3.0-M2\spring-boot-autoconfigure-3.3.0-M2.jar;C:\Users\haib1\.m2\repository\com\mysql\mysql-connector-j\8.3.0\mysql-connector-j-8.3.0.jar;C:\Users\haib1\.m2\repository\org\projectlombok\lombok\1.18.30\lombok-1.18.30.jar;C:\Users\haib1\.m2\repository\jakarta\xml\bind\jakarta.xml.bind-api\4.0.1\jakarta.xml.bind-api-4.0.1.jar;C:\Users\haib1\.m2\repository\jakarta\activation\jakarta.activation-api\2.1.2\jakarta.activation-api-2.1.2.jar;C:\Users\haib1\.m2\repository\org\springframework\spring-core\6.1.4\spring-core-6.1.4.jar;C:\Users\haib1\.m2\repository\org\springframework\spring-jcl\6.1.4\spring-jcl-6.1.4.jar;C:\Users\haib1\.m2\repository\org\springframework\spring-beans\6.1.4\spring-beans-6.1.4.jar
Launcher Type: SUN_STANDARD

[Global flags]
     intx CICompilerCount                          = 12                                        {product} {ergonomic}
     uint ConcGCThreads                            = 3                                         {product} {ergonomic}
     uint G1ConcRefinementThreads                  = 13                                        {product} {ergonomic}
   size_t G1HeapRegionSize                         = 1048576                                   {product} {ergonomic}
    uintx GCDrainStackTargetSize                   = 64                                        {product} {ergonomic}
   size_t InitialHeapSize                          = 132120576                                 {product} {ergonomic}
     bool ManagementServer                         = true                                      {product} {command line}
   size_t MarkStackSize                            = 4194304                                   {product} {ergonomic}
   size_t MaxHeapSize                              = 2090860544                                {product} {ergonomic}
   size_t MinHeapDeltaBytes                        = 1048576                                   {product} {ergonomic}
   size_t MinHeapSize                              = 8388608                                   {product} {ergonomic}
    uintx NonNMethodCodeHeapSize                   = 4096                                   {pd product} {ergonomic}
    uintx NonProfiledCodeHeapSize                  = 0                                      {pd product} {ergonomic}
     bool ProfileInterpreter                       = false                                  {pd product} {command line}
    uintx ProfiledCodeHeapSize                     = 0                                      {pd product} {ergonomic}
   size_t SoftMaxHeapSize                          = 2090860544                             {manageable} {ergonomic}
     intx TieredStopAtLevel                        = 1                                         {product} {command line}
     bool UseCompressedOops                        = true                           {product lp64_product} {ergonomic}
     bool UseG1GC                                  = true                                      {product} {ergonomic}
     bool UseLargePagesIndividualAllocation        = false                                  {pd product} {ergonomic}

Logging:
Log output configuration:
 #0: stdout all=warning uptime,level,tags foldmultilines=false
 #1: stderr all=off uptime,level,tags foldmultilines=false

Environment Variables:
PATH=C:\Python311\Scripts\;C:\Python311\;C:\Program Files\Common Files\Oracle\Java\javapath;C:\Program Files\NVIDIA GPU Computing Toolkit\CUDA\v11.8\bin;C:\Program Files\NVIDIA GPU Computing Toolkit\CUDA\v11.8\libnvvp;C:\Windows\system32;C:\Windows;C:\Windows\System32\Wbem;C:\Windows\System32\WindowsPowerShell\v1.0\;C:\Windows\System32\OpenSSH\;C:\Program Files (x86)\NVIDIA Corporation\PhysX\Common;C:\Program Files\NVIDIA Corporation\NVIDIA NvDLISR;C:\WINDOWS\system32;C:\WINDOWS;C:\WINDOWS\System32\Wbem;C:\WINDOWS\System32\WindowsPowerShell\v1.0\;C:\WINDOWS\System32\OpenSSH\;D:\Program Files\nodejs\;C:\ProgramData\chocolatey\bin;C:\Program Files\dotnet\;C:\tools\Manim\Scripts;D:\Program Files\Java\jdk-20\bin;D:\Program Files\Java\jdk-20;C:\Program Files (x86)\Windows Kits\10\Windows Performance Toolkit\;C:\Program Files (x86)\Microsoft SQL Server\160\Tools\Binn\;C:\Program Files\Microsoft SQL Server\160\Tools\Binn\;C:\Program Files\Microsoft SQL Server\Client SDK\ODBC\170\Tools\Binn\;C:\Program Files\Microsoft SQL Server\160\DTS\Binn\;C:\Program Files\Microsoft SQL Server\150\Tools\Binn\;C:\Program Files (x86)\Microsoft SQL Server\160\DTS\Binn\;D:\Users\haib1\miniconda3;D:\Users\haib1\miniconda3\Library\mingw-w64\bin;D:\Users\haib1\miniconda3\Library\usr\bin;D:\Users\haib1\miniconda3\Library\bin;D:\Users\haib1\miniconda3\Scripts;C:\Users\haib1\AppData\Local\Programs\Python\Python311\Scripts\;C:\Users\haib1\AppData\Local\Programs\Python\Python311\;C:\Users\haib1\AppData\Local\Microsoft\WindowsApps;C:\TDM-GCC-64\bin;C:\Users\haib1\AppData\Local\Programs\oh-my-posh\bin;D:\Program Files\Git\cmd;D:\Program Files\Git\bin;D:\Users\haib1\AppData\Local\Programs\Microsoft VS Code\bin;C:\Users\haib1\AppData\Roaming\npm;D:\Program Files\JetBrains\PyCharm Community Edition 2023.1\bin;;C:\Users\haib1\.dotnet\tools;D:\Program Files\JetBrains\IntelliJ IDEA 2023.3.5\bin;;D:\Program Files\JetBrains\IntelliJ IDEA Educational Edition 2022.2.2\bin;;D:\Program Files\Java\jdk-20\bin;D:\Program Files\Java\jdk-20;C:\Program Files\MySQL\MySQL Server 8.0\bin;
USERNAME=haib1
OS=Windows_NT
PROCESSOR_IDENTIFIER=Intel64 Family 6 Model 141 Stepping 1, GenuineIntel
TMP=C:\Users\haib1\AppData\Local\Temp
TEMP=C:\Users\haib1\AppData\Local\Temp




Periodic native trim disabled

---------------  S Y S T E M  ---------------

OS:
 Windows 11 , 64 bit Build 22621 (10.0.22621.3374)
OS uptime: 0 days 2:10 hours
Hyper-V role detected

CPU: total 16 (initial active 16) (8 cores per cpu, 2 threads per core) family 6 model 141 stepping 1 microcode 0x3c, cx8, cmov, fxsr, ht, mmx, 3dnowpref, sse, sse2, sse3, ssse3, sse4.1, sse4.2, popcnt, lzcnt, tsc, tscinvbit, avx, avx2, aes, erms, clmul, bmi1, bmi2, adx, avx512f, avx512dq, avx512cd, avx512bw, avx512vl, sha, fma, vzeroupper, avx512_vpopcntdq, avx512_vpclmulqdq, avx512_vaes, avx512_vnni, clflush, clflushopt, clwb, avx512_vbmi2, avx512_vbmi, hv, rdtscp, rdpid, fsrm, gfni, avx512_bitalg, f16c, cet_ibt, cet_ss, avx512_ifma
Processor Information for all 16 processors :
  Max Mhz: 2304, Current Mhz: 2304, Mhz Limit: 2304

Memory: 4k page, system-wide physical 7971M (347M free)
TotalPageFile size 20661M (AvailPageFile size 4M)
current process WorkingSet (physical memory assigned to process): 12M, peak: 12M
current process commit charge ("private bytes"): 192M, peak: 194M

vm_info: Java HotSpot(TM) 64-Bit Server VM (21.0.2+13-LTS-58) for windows-amd64 JRE (21.0.2+13-LTS-58), built on 2024-01-05T18:32:24Z by "mach5one" with MS VC++ 17.1 (VS2022)

END.
